<?xml version="1.0" encoding="UTF-8"?>
<!-- Generated by org.testng.reporters.JUnitReportReporter -->
<testsuite hostname="QKNBK935" name="appiumTest.Sride.SRideMobileAppTest" tests="1" failures="0" timestamp="31 Mar 2020 09:46:49 GMT" time="56.826" errors="0">
  <testcase name="test" time="56.826" classname="appiumTest.Sride.SRideMobileAppTest"/>
</testsuite> <!-- appiumTest.Sride.SRideMobileAppTest -->
